<?xml version="1.0" encoding="UTF-8"?>
<testng-results ignored="0" total="2" passed="1" failed="1" skipped="0">
  <reporter-output>
  </reporter-output>
  <suite started-at="2021-02-03T20:11:15 EST" name="TestSuite" finished-at="2021-02-03T20:11:32 EST" duration-ms="16421">
    <groups>
    </groups>
    <test started-at="2021-02-03T20:11:15 EST" name="UnitedHealth" finished-at="2021-02-03T20:11:32 EST" duration-ms="16421">
      <class name="unitedHealthTest.UnitedHealthTest">
        <test-method is-config="true" signature="launchbrowser()[pri:0, instance:unitedHealthTest.UnitedHealthTest@24aed80c]" started-at="2021-02-03T20:11:15 EST" name="launchbrowser" finished-at="2021-02-03T20:11:15 EST" duration-ms="32" status="PASS">
          <reporter-output>
          </reporter-output>
        </test-method> <!-- launchbrowser -->
        <test-method is-config="true" signature="getusers()[pri:0, instance:unitedHealthTest.UnitedHealthTest@24aed80c]" started-at="2021-02-03T20:11:15 EST" name="getusers" finished-at="2021-02-03T20:11:15 EST" duration-ms="2" status="PASS">
          <reporter-output>
          </reporter-output>
        </test-method> <!-- getusers -->
        <test-method is-config="true" signature="geturl()[pri:0, instance:unitedHealthTest.UnitedHealthTest@24aed80c]" started-at="2021-02-03T20:11:15 EST" name="geturl" finished-at="2021-02-03T20:11:15 EST" duration-ms="3" status="PASS">
          <reporter-output>
          </reporter-output>
        </test-method> <!-- geturl -->
        <test-method is-config="true" signature="openBrowser(java.lang.String, java.lang.String)[pri:0, instance:unitedHealthTest.UnitedHealthTest@24aed80c]" started-at="2021-02-03T20:11:16 EST" name="openBrowser" finished-at="2021-02-03T20:11:24 EST" duration-ms="8393" status="PASS">
          <params>
            <param index="0">
              <value>
                <![CDATA[chromebrowser]]>
              </value>
            </param>
            <param index="1">
              <value>
                <![CDATA[https://www.youtube.com]]>
              </value>
            </param>
          </params>
          <reporter-output>
          </reporter-output>
        </test-method> <!-- openBrowser -->
        <test-method is-config="true" signature="clickonlogin()[pri:0, instance:unitedHealthTest.UnitedHealthTest@24aed80c]" started-at="2021-02-03T20:11:24 EST" name="clickonlogin" finished-at="2021-02-03T20:11:24 EST" duration-ms="1" status="PASS">
          <reporter-output>
          </reporter-output>
        </test-method> <!-- clickonlogin -->
        <test-method signature="test()[pri:0, instance:unitedHealthTest.UnitedHealthTest@24aed80c]" started-at="2021-02-03T20:11:24 EST" name="test" finished-at="2021-02-03T20:11:24 EST" duration-ms="2" status="PASS">
          <reporter-output>
          </reporter-output>
        </test-method> <!-- test -->
        <test-method is-config="true" signature="generateHtml()[pri:0, instance:unitedHealthTest.UnitedHealthTest@24aed80c]" started-at="2021-02-03T20:11:24 EST" name="generateHtml" finished-at="2021-02-03T20:11:24 EST" duration-ms="1" status="PASS">
          <reporter-output>
          </reporter-output>
        </test-method> <!-- generateHtml -->
        <test-method is-config="true" signature="openBrowser(java.lang.String, java.lang.String)[pri:0, instance:unitedHealthTest.UnitedHealthTest@24aed80c]" started-at="2021-02-03T20:11:24 EST" name="openBrowser" finished-at="2021-02-03T20:11:32 EST" duration-ms="7892" status="PASS">
          <params>
            <param index="0">
              <value>
                <![CDATA[chromebrowser]]>
              </value>
            </param>
            <param index="1">
              <value>
                <![CDATA[https://www.youtube.com]]>
              </value>
            </param>
          </params>
          <reporter-output>
          </reporter-output>
        </test-method> <!-- openBrowser -->
        <test-method is-config="true" signature="clickonlogin()[pri:0, instance:unitedHealthTest.UnitedHealthTest@24aed80c]" started-at="2021-02-03T20:11:32 EST" name="clickonlogin" finished-at="2021-02-03T20:11:32 EST" duration-ms="1" status="PASS">
          <reporter-output>
          </reporter-output>
        </test-method> <!-- clickonlogin -->
        <test-method signature="test2()[pri:0, instance:unitedHealthTest.UnitedHealthTest@24aed80c]" started-at="2021-02-03T20:11:32 EST" name="test2" finished-at="2021-02-03T20:11:32 EST" duration-ms="0" status="FAIL">
          <exception class="java.lang.ArithmeticException">
            <message>
              <![CDATA[/ by zero]]>
            </message>
            <full-stacktrace>
              <![CDATA[java.lang.ArithmeticException: / by zero
at unitedHealthTest.UnitedHealthTest.test2(UnitedHealthTest.java:38)
at java.base/jdk.internal.reflect.NativeMethodAccessorImpl.invoke0(Native Method)
at java.base/jdk.internal.reflect.NativeMethodAccessorImpl.invoke(NativeMethodAccessorImpl.java:62)
at java.base/jdk.internal.reflect.DelegatingMethodAccessorImpl.invoke(DelegatingMethodAccessorImpl.java:43)
at java.base/java.lang.reflect.Method.invoke(Method.java:566)
at org.testng.internal.MethodInvocationHelper.invokeMethod(MethodInvocationHelper.java:134)
at org.testng.internal.TestInvoker.invokeMethod(TestInvoker.java:597)
at org.testng.internal.TestInvoker.invokeTestMethod(TestInvoker.java:173)
at org.testng.internal.MethodRunner.runInSequence(MethodRunner.java:46)
at org.testng.internal.TestInvoker$MethodInvocationAgent.invoke(TestInvoker.java:816)
at org.testng.internal.TestInvoker.invokeTestMethods(TestInvoker.java:146)
at org.testng.internal.TestMethodWorker.invokeTestMethods(TestMethodWorker.java:146)
at org.testng.internal.TestMethodWorker.run(TestMethodWorker.java:128)
at java.base/java.util.ArrayList.forEach(ArrayList.java:1540)
at org.testng.TestRunner.privateRun(TestRunner.java:766)
at org.testng.TestRunner.run(TestRunner.java:587)
at org.testng.SuiteRunner.runTest(SuiteRunner.java:384)
at org.testng.SuiteRunner.runSequentially(SuiteRunner.java:378)
at org.testng.SuiteRunner.privateRun(SuiteRunner.java:337)
at org.testng.SuiteRunner.run(SuiteRunner.java:286)
at org.testng.SuiteRunnerWorker.runSuite(SuiteRunnerWorker.java:53)
at org.testng.SuiteRunnerWorker.run(SuiteRunnerWorker.java:96)
at org.testng.TestNG.runSuitesSequentially(TestNG.java:1187)
at org.testng.TestNG.runSuitesLocally(TestNG.java:1109)
at org.testng.TestNG.runSuites(TestNG.java:1039)
at org.testng.TestNG.run(TestNG.java:1007)
at com.intellij.rt.testng.IDEARemoteTestNG.run(IDEARemoteTestNG.java:66)
at com.intellij.rt.testng.RemoteTestNGStarter.main(RemoteTestNGStarter.java:110)
]]>
            </full-stacktrace>
          </exception> <!-- java.lang.ArithmeticException -->
          <reporter-output>
          </reporter-output>
        </test-method> <!-- test2 -->
        <test-method is-config="true" signature="generateHtml()[pri:0, instance:unitedHealthTest.UnitedHealthTest@24aed80c]" started-at="2021-02-03T20:11:32 EST" name="generateHtml" finished-at="2021-02-03T20:11:32 EST" duration-ms="1" status="PASS">
          <reporter-output>
          </reporter-output>
        </test-method> <!-- generateHtml -->
        <test-method is-config="true" signature="getErrors()[pri:0, instance:unitedHealthTest.UnitedHealthTest@24aed80c]" started-at="2021-02-03T20:11:32 EST" name="getErrors" finished-at="2021-02-03T20:11:32 EST" duration-ms="1" status="PASS">
          <reporter-output>
          </reporter-output>
        </test-method> <!-- getErrors -->
        <test-method is-config="true" signature="TakeScreenShoot()[pri:0, instance:unitedHealthTest.UnitedHealthTest@24aed80c]" started-at="2021-02-03T20:11:32 EST" name="TakeScreenShoot" finished-at="2021-02-03T20:11:32 EST" duration-ms="1" status="PASS">
          <reporter-output>
          </reporter-output>
        </test-method> <!-- TakeScreenShoot -->
        <test-method is-config="true" signature="ExtentReport()[pri:0, instance:unitedHealthTest.UnitedHealthTest@24aed80c]" started-at="2021-02-03T20:11:32 EST" name="ExtentReport" finished-at="2021-02-03T20:11:32 EST" duration-ms="2" status="PASS">
          <reporter-output>
          </reporter-output>
        </test-method> <!-- ExtentReport -->
      </class> <!-- unitedHealthTest.UnitedHealthTest -->
    </test> <!-- UnitedHealth -->
  </suite> <!-- TestSuite -->
</testng-results>
