<?xml version="1.0" encoding="UTF-8"?>
<!-- Generated by org.testng.reporters.JUnitXMLReporter -->
<testsuite ignored="0" hostname="micromedia-PC" failures="1" tests="2" name="UnitedHealth" time="16.421" errors="0" timestamp="2021-02-03T20:11:32 EST">
  <testcase classname="unitedHealthTest.UnitedHealthTest" name="test" time="0.002"/>
  <testcase classname="unitedHealthTest.UnitedHealthTest" name="test2" time="0.0">
    <failure type="java.lang.ArithmeticException" message="/ by zero">
      <![CDATA[java.lang.ArithmeticException: / by zero
at unitedHealthTest.UnitedHealthTest.test2(UnitedHealthTest.java:38)
at java.base/java.util.ArrayList.forEach(ArrayList.java:1540)
at com.intellij.rt.testng.IDEARemoteTestNG.run(IDEARemoteTestNG.java:66)
at com.intellij.rt.testng.RemoteTestNGStarter.main(RemoteTestNGStarter.java:110)
... Removed 24 stack frames]]>
    </failure>
  </testcase> <!-- test2 -->
</testsuite> <!-- UnitedHealth -->
